This file contains any messages produced by compilers while
running configure, to aid debugging if configure makes a mistake.

It was created by Geany configure 1.28, which was
generated by GNU Autoconf 2.69.  Invocation command line was

  $ ./configure --build=x86_64-linux-gnu --prefix=/usr --includedir=${prefix}/include --mandir=${prefix}/share/man --infodir=${prefix}/share/info --sysconfdir=/etc --localstatedir=/var --disable-silent-rules --libdir=${prefix}/lib/x86_64-linux-gnu --libexecdir=${prefix}/lib/x86_64-linux-gnu --disable-maintainer-mode --disable-dependency-tracking --enable-vte --enable-the-force

## --------- ##
## Platform. ##
## --------- ##

hostname = parrot
uname -m = x86_64
uname -r = 4.6.0-parrot-amd64
uname -s = Linux
uname -v = #1 SMP Parrot 4.6.3-1parrot1 (2016-07-15)

/usr/bin/uname -p = unknown
/bin/uname -X     = unknown

/bin/arch              = unknown
/usr/bin/arch -k       = unknown
/usr/convex/getsysinfo = unknown
/usr/bin/hostinfo      = unknown
/bin/machine           = unknown
/usr/bin/oslevel       = unknown
/bin/universe          = unknown

PATH: /usr/sbin
PATH: /usr/bin
PATH: /sbin
PATH: /bin
PATH: /usr/bin/X11


## ----------- ##
## Core tests. ##
## ----------- ##

configure:2631: checking for a BSD-compatible install
configure:2699: result: /usr/bin/install -c
configure:2710: checking whether build environment is sane
configure:2765: result: yes
configure:2916: checking for a thread-safe mkdir -p
configure:2955: result: /bin/mkdir -p
configure:2962: checking for gawk
configure:2992: result: no
configure:2962: checking for mawk
configure:2978: found /usr/bin/mawk
configure:2989: result: mawk
configure:3000: checking whether make sets $(MAKE)
configure:3022: result: yes
configure:3051: checking whether make supports nested variables
configure:3068: result: yes
configure:3208: checking whether make supports nested variables
configure:3225: result: yes
configure:3281: checking for style of include used by make
configure:3309: result: GNU
configure:3380: checking for gcc
configure:3396: found /usr/bin/gcc
configure:3407: result: gcc
configure:3636: checking for C compiler version
configure:3645: gcc --version >&5
gcc (Debian 6.1.1-11) 6.1.1 20160802
Copyright (C) 2016 Free Software Foundation, Inc.
This is free software; see the source for copying conditions.  There is NO
warranty; not even for MERCHANTABILITY or FITNESS FOR A PARTICULAR PURPOSE.

configure:3656: $? = 0
configure:3645: gcc -v >&5
Using built-in specs.
COLLECT_GCC=gcc
COLLECT_LTO_WRAPPER=/usr/lib/gcc/x86_64-linux-gnu/6/lto-wrapper
Target: x86_64-linux-gnu
Configured with: ../src/configure -v --with-pkgversion='Debian 6.1.1-11' --with-bugurl=file:///usr/share/doc/gcc-6/README.Bugs --enable-languages=c,ada,c++,java,go,d,fortran,objc,obj-c++ --prefix=/usr --program-suffix=-6 --enable-shared --enable-linker-build-id --libexecdir=/usr/lib --without-included-gettext --enable-threads=posix --libdir=/usr/lib --enable-nls --with-sysroot=/ --enable-clocale=gnu --enable-libstdcxx-debug --enable-libstdcxx-time=yes --with-default-libstdcxx-abi=new --enable-gnu-unique-object --disable-vtable-verify --enable-libmpx --enable-plugin --with-system-zlib --disable-browser-plugin --enable-java-awt=gtk --enable-gtk-cairo --with-java-home=/usr/lib/jvm/java-1.5.0-gcj-6-amd64/jre --enable-java-home --with-jvm-root-dir=/usr/lib/jvm/java-1.5.0-gcj-6-amd64 --with-jvm-jar-dir=/usr/lib/jvm-exports/java-1.5.0-gcj-6-amd64 --with-arch-directory=amd64 --with-ecj-jar=/usr/share/java/eclipse-ecj.jar --enable-objc-gc --enable-multiarch --with-arch-32=i686 --with-abi=m64 --with-multilib-list=m32,m64,mx32 --enable-multilib --with-tune=generic --enable-checking=release --build=x86_64-linux-gnu --host=x86_64-linux-gnu --target=x86_64-linux-gnu
Thread model: posix
gcc version 6.1.1 20160802 (Debian 6.1.1-11) 
configure:3656: $? = 0
configure:3645: gcc -V >&5
gcc: error: unrecognized command line option '-V'
gcc: fatal error: no input files
compilation terminated.
configure:3656: $? = 1
configure:3645: gcc -qversion >&5
gcc: error: unrecognized command line option '-qversion'; did you mean '--version'?
gcc: fatal error: no input files
compilation terminated.
configure:3656: $? = 1
configure:3676: checking whether the C compiler works
configure:3698: gcc -g -O2 -fdebug-prefix-map=/home/palinuro/Desktop/repo/geany/geany-1.28=. -fstack-protector-strong -Wformat -Werror=format-security -Wdate-time -D_FORTIFY_SOURCE=2 -Wl,-z,relro conftest.c  >&5
configure:3702: $? = 0
configure:3750: result: yes
configure:3753: checking for C compiler default output file name
configure:3755: result: a.out
configure:3761: checking for suffix of executables
configure:3768: gcc -o conftest -g -O2 -fdebug-prefix-map=/home/palinuro/Desktop/repo/geany/geany-1.28=. -fstack-protector-strong -Wformat -Werror=format-security -Wdate-time -D_FORTIFY_SOURCE=2 -Wl,-z,relro conftest.c  >&5
configure:3772: $? = 0
configure:3794: result: 
configure:3816: checking whether we are cross compiling
configure:3824: gcc -o conftest -g -O2 -fdebug-prefix-map=/home/palinuro/Desktop/repo/geany/geany-1.28=. -fstack-protector-strong -Wformat -Werror=format-security -Wdate-time -D_FORTIFY_SOURCE=2 -Wl,-z,relro conftest.c  >&5
configure:3828: $? = 0
configure:3835: ./conftest
configure:3839: $? = 0
configure:3854: result: no
configure:3859: checking for suffix of object files
configure:3881: gcc -c -g -O2 -fdebug-prefix-map=/home/palinuro/Desktop/repo/geany/geany-1.28=. -fstack-protector-strong -Wformat -Werror=format-security -Wdate-time -D_FORTIFY_SOURCE=2 conftest.c >&5
configure:3885: $? = 0
configure:3906: result: o
configure:3910: checking whether we are using the GNU C compiler
configure:3929: gcc -c -g -O2 -fdebug-prefix-map=/home/palinuro/Desktop/repo/geany/geany-1.28=. -fstack-protector-strong -Wformat -Werror=format-security -Wdate-time -D_FORTIFY_SOURCE=2 conftest.c >&5
configure:3929: $? = 0
configure:3938: result: yes
configure:3947: checking whether gcc accepts -g
configure:3967: gcc -c -g -Wdate-time -D_FORTIFY_SOURCE=2 conftest.c >&5
configure:3967: $? = 0
configure:4008: result: yes
configure:4025: checking for gcc option to accept ISO C89
configure:4088: gcc  -c -g -O2 -fdebug-prefix-map=/home/palinuro/Desktop/repo/geany/geany-1.28=. -fstack-protector-strong -Wformat -Werror=format-security -Wdate-time -D_FORTIFY_SOURCE=2 conftest.c >&5
configure:4088: $? = 0
configure:4101: result: none needed
configure:4126: checking whether gcc understands -c and -o together
configure:4148: gcc -c conftest.c -o conftest2.o
configure:4151: $? = 0
configure:4148: gcc -c conftest.c -o conftest2.o
configure:4151: $? = 0
configure:4163: result: yes
configure:4182: checking dependency style of gcc
configure:4293: result: none
configure:4314: checking how to run the C preprocessor
configure:4345: gcc -E -Wdate-time -D_FORTIFY_SOURCE=2 conftest.c
configure:4345: $? = 0
configure:4359: gcc -E -Wdate-time -D_FORTIFY_SOURCE=2 conftest.c
conftest.c:11:28: fatal error: ac_nonexistent.h: No such file or directory
 #include <ac_nonexistent.h>
                            ^
compilation terminated.
configure:4359: $? = 1
configure: failed program was:
| /* confdefs.h */
| #define PACKAGE_NAME "Geany"
| #define PACKAGE_TARNAME "geany"
| #define PACKAGE_VERSION "1.28"
| #define PACKAGE_STRING "Geany 1.28"
| #define PACKAGE_BUGREPORT "https://sourceforge.net/tracker/?group_id=153444&atid=787791"
| #define PACKAGE_URL ""
| #define PACKAGE "geany"
| #define VERSION "1.28"
| /* end confdefs.h.  */
| #include <ac_nonexistent.h>
configure:4384: result: gcc -E
configure:4404: gcc -E -Wdate-time -D_FORTIFY_SOURCE=2 conftest.c
configure:4404: $? = 0
configure:4418: gcc -E -Wdate-time -D_FORTIFY_SOURCE=2 conftest.c
conftest.c:11:28: fatal error: ac_nonexistent.h: No such file or directory
 #include <ac_nonexistent.h>
                            ^
compilation terminated.
configure:4418: $? = 1
configure: failed program was:
| /* confdefs.h */
| #define PACKAGE_NAME "Geany"
| #define PACKAGE_TARNAME "geany"
| #define PACKAGE_VERSION "1.28"
| #define PACKAGE_STRING "Geany 1.28"
| #define PACKAGE_BUGREPORT "https://sourceforge.net/tracker/?group_id=153444&atid=787791"
| #define PACKAGE_URL ""
| #define PACKAGE "geany"
| #define VERSION "1.28"
| /* end confdefs.h.  */
| #include <ac_nonexistent.h>
configure:4447: checking for grep that handles long lines and -e
configure:4505: result: /bin/grep
configure:4510: checking for egrep
configure:4572: result: /bin/grep -E
configure:4577: checking for ANSI C header files
configure:4597: gcc -c -g -O2 -fdebug-prefix-map=/home/palinuro/Desktop/repo/geany/geany-1.28=. -fstack-protector-strong -Wformat -Werror=format-security -Wdate-time -D_FORTIFY_SOURCE=2 conftest.c >&5
configure:4597: $? = 0
configure:4670: gcc -o conftest -g -O2 -fdebug-prefix-map=/home/palinuro/Desktop/repo/geany/geany-1.28=. -fstack-protector-strong -Wformat -Werror=format-security -Wdate-time -D_FORTIFY_SOURCE=2 -Wl,-z,relro conftest.c  >&5
configure:4670: $? = 0
configure:4670: ./conftest
configure:4670: $? = 0
configure:4681: result: yes
configure:4694: checking for sys/types.h
configure:4694: gcc -c -g -O2 -fdebug-prefix-map=/home/palinuro/Desktop/repo/geany/geany-1.28=. -fstack-protector-strong -Wformat -Werror=format-security -Wdate-time -D_FORTIFY_SOURCE=2 conftest.c >&5
configure:4694: $? = 0
configure:4694: result: yes
configure:4694: checking for sys/stat.h
configure:4694: gcc -c -g -O2 -fdebug-prefix-map=/home/palinuro/Desktop/repo/geany/geany-1.28=. -fstack-protector-strong -Wformat -Werror=format-security -Wdate-time -D_FORTIFY_SOURCE=2 conftest.c >&5
configure:4694: $? = 0
configure:4694: result: yes
configure:4694: checking for stdlib.h
configure:4694: gcc -c -g -O2 -fdebug-prefix-map=/home/palinuro/Desktop/repo/geany/geany-1.28=. -fstack-protector-strong -Wformat -Werror=format-security -Wdate-time -D_FORTIFY_SOURCE=2 conftest.c >&5
configure:4694: $? = 0
configure:4694: result: yes
configure:4694: checking for string.h
configure:4694: gcc -c -g -O2 -fdebug-prefix-map=/home/palinuro/Desktop/repo/geany/geany-1.28=. -fstack-protector-strong -Wformat -Werror=format-security -Wdate-time -D_FORTIFY_SOURCE=2 conftest.c >&5
configure:4694: $? = 0
configure:4694: result: yes
configure:4694: checking for memory.h
configure:4694: gcc -c -g -O2 -fdebug-prefix-map=/home/palinuro/Desktop/repo/geany/geany-1.28=. -fstack-protector-strong -Wformat -Werror=format-security -Wdate-time -D_FORTIFY_SOURCE=2 conftest.c >&5
configure:4694: $? = 0
configure:4694: result: yes
configure:4694: checking for strings.h
configure:4694: gcc -c -g -O2 -fdebug-prefix-map=/home/palinuro/Desktop/repo/geany/geany-1.28=. -fstack-protector-strong -Wformat -Werror=format-security -Wdate-time -D_FORTIFY_SOURCE=2 conftest.c >&5
configure:4694: $? = 0
configure:4694: result: yes
configure:4694: checking for inttypes.h
configure:4694: gcc -c -g -O2 -fdebug-prefix-map=/home/palinuro/Desktop/repo/geany/geany-1.28=. -fstack-protector-strong -Wformat -Werror=format-security -Wdate-time -D_FORTIFY_SOURCE=2 conftest.c >&5
configure:4694: $? = 0
configure:4694: result: yes
configure:4694: checking for stdint.h
configure:4694: gcc -c -g -O2 -fdebug-prefix-map=/home/palinuro/Desktop/repo/geany/geany-1.28=. -fstack-protector-strong -Wformat -Werror=format-security -Wdate-time -D_FORTIFY_SOURCE=2 conftest.c >&5
configure:4694: $? = 0
configure:4694: result: yes
configure:4694: checking for unistd.h
configure:4694: gcc -c -g -O2 -fdebug-prefix-map=/home/palinuro/Desktop/repo/geany/geany-1.28=. -fstack-protector-strong -Wformat -Werror=format-security -Wdate-time -D_FORTIFY_SOURCE=2 conftest.c >&5
configure:4694: $? = 0
configure:4694: result: yes
configure:4707: checking minix/config.h usability
configure:4707: gcc -c -g -O2 -fdebug-prefix-map=/home/palinuro/Desktop/repo/geany/geany-1.28=. -fstack-protector-strong -Wformat -Werror=format-security -Wdate-time -D_FORTIFY_SOURCE=2 conftest.c >&5
conftest.c:54:26: fatal error: minix/config.h: No such file or directory
 #include <minix/config.h>
                          ^
compilation terminated.
configure:4707: $? = 1
configure: failed program was:
| /* confdefs.h */
| #define PACKAGE_NAME "Geany"
| #define PACKAGE_TARNAME "geany"
| #define PACKAGE_VERSION "1.28"
| #define PACKAGE_STRING "Geany 1.28"
| #define PACKAGE_BUGREPORT "https://sourceforge.net/tracker/?group_id=153444&atid=787791"
| #define PACKAGE_URL ""
| #define PACKAGE "geany"
| #define VERSION "1.28"
| #define STDC_HEADERS 1
| #define HAVE_SYS_TYPES_H 1
| #define HAVE_SYS_STAT_H 1
| #define HAVE_STDLIB_H 1
| #define HAVE_STRING_H 1
| #define HAVE_MEMORY_H 1
| #define HAVE_STRINGS_H 1
| #define HAVE_INTTYPES_H 1
| #define HAVE_STDINT_H 1
| #define HAVE_UNISTD_H 1
| /* end confdefs.h.  */
| #include <stdio.h>
| #ifdef HAVE_SYS_TYPES_H
| # include <sys/types.h>
| #endif
| #ifdef HAVE_SYS_STAT_H
| # include <sys/stat.h>
| #endif
| #ifdef STDC_HEADERS
| # include <stdlib.h>
| # include <stddef.h>
| #else
| # ifdef HAVE_STDLIB_H
| #  include <stdlib.h>
| # endif
| #endif
| #ifdef HAVE_STRING_H
| # if !defined STDC_HEADERS && defined HAVE_MEMORY_H
| #  include <memory.h>
| # endif
| # include <string.h>
| #endif
| #ifdef HAVE_STRINGS_H
| # include <strings.h>
| #endif
| #ifdef HAVE_INTTYPES_H
| # include <inttypes.h>
| #endif
| #ifdef HAVE_STDINT_H
| # include <stdint.h>
| #endif
| #ifdef HAVE_UNISTD_H
| # include <unistd.h>
| #endif
| #include <minix/config.h>
configure:4707: result: no
configure:4707: checking minix/config.h presence
configure:4707: gcc -E -Wdate-time -D_FORTIFY_SOURCE=2 conftest.c
conftest.c:21:26: fatal error: minix/config.h: No such file or directory
 #include <minix/config.h>
                          ^
compilation terminated.
configure:4707: $? = 1
configure: failed program was:
| /* confdefs.h */
| #define PACKAGE_NAME "Geany"
| #define PACKAGE_TARNAME "geany"
| #define PACKAGE_VERSION "1.28"
| #define PACKAGE_STRING "Geany 1.28"
| #define PACKAGE_BUGREPORT "https://sourceforge.net/tracker/?group_id=153444&atid=787791"
| #define PACKAGE_URL ""
| #define PACKAGE "geany"
| #define VERSION "1.28"
| #define STDC_HEADERS 1
| #define HAVE_SYS_TYPES_H 1
| #define HAVE_SYS_STAT_H 1
| #define HAVE_STDLIB_H 1
| #define HAVE_STRING_H 1
| #define HAVE_MEMORY_H 1
| #define HAVE_STRINGS_H 1
| #define HAVE_INTTYPES_H 1
| #define HAVE_STDINT_H 1
| #define HAVE_UNISTD_H 1
| /* end confdefs.h.  */
| #include <minix/config.h>
configure:4707: result: no
configure:4707: checking for minix/config.h
configure:4707: result: no
configure:4728: checking whether it is safe to define __EXTENSIONS__
configure:4746: gcc -c -g -O2 -fdebug-prefix-map=/home/palinuro/Desktop/repo/geany/geany-1.28=. -fstack-protector-strong -Wformat -Werror=format-security -Wdate-time -D_FORTIFY_SOURCE=2 conftest.c >&5
configure:4746: $? = 0
configure:4753: result: yes
configure:4817: checking for ar
configure:4833: found /usr/bin/ar
configure:4844: result: ar
configure:4870: checking the archiver (ar) interface
configure:4886: gcc -c -g -O2 -fdebug-prefix-map=/home/palinuro/Desktop/repo/geany/geany-1.28=. -fstack-protector-strong -Wformat -Werror=format-security -Wdate-time -D_FORTIFY_SOURCE=2 conftest.c >&5
configure:4886: $? = 0
configure:4888: ar cru libconftest.a conftest.o >&5
ar: `u' modifier ignored since `D' is the default (see `U')
configure:4891: $? = 0
configure:4919: result: ar
configure:4968: checking build system type
configure:4982: result: x86_64-pc-linux-gnu
configure:5002: checking host system type
configure:5015: result: x86_64-pc-linux-gnu
configure:5056: checking how to print strings
configure:5083: result: printf
configure:5104: checking for a sed that does not truncate output
configure:5168: result: /bin/sed
configure:5186: checking for fgrep
configure:5248: result: /bin/grep -F
configure:5283: checking for ld used by gcc
configure:5350: result: /usr/bin/ld
configure:5357: checking if the linker (/usr/bin/ld) is GNU ld
configure:5372: result: yes
configure:5384: checking for BSD- or MS-compatible name lister (nm)
configure:5438: result: /usr/bin/nm -B
configure:5568: checking the name lister (/usr/bin/nm -B) interface
configure:5575: gcc -c -g -O2 -fdebug-prefix-map=/home/palinuro/Desktop/repo/geany/geany-1.28=. -fstack-protector-strong -Wformat -Werror=format-security -Wdate-time -D_FORTIFY_SOURCE=2 conftest.c >&5
configure:5578: /usr/bin/nm -B "conftest.o"
configure:5581: output
0000000000000000 B some_variable
configure:5588: result: BSD nm
configure:5591: checking whether ln -s works
configure:5595: result: yes
configure:5603: checking the maximum length of command line arguments
configure:5734: result: 1572864
configure:5782: checking how to convert x86_64-pc-linux-gnu file names to x86_64-pc-linux-gnu format
configure:5822: result: func_convert_file_noop
configure:5829: checking how to convert x86_64-pc-linux-gnu file names to toolchain format
configure:5849: result: func_convert_file_noop
configure:5856: checking for /usr/bin/ld option to reload object files
configure:5863: result: -r
configure:5937: checking for objdump
configure:5953: found /usr/bin/objdump
configure:5964: result: objdump
configure:5996: checking how to recognize dependent libraries
configure:6196: result: pass_all
configure:6281: checking for dlltool
configure:6311: result: no
configure:6341: checking how to associate runtime and link libraries
configure:6368: result: printf %s\n
configure:6492: checking for archiver @FILE support
configure:6509: gcc -c -g -O2 -fdebug-prefix-map=/home/palinuro/Desktop/repo/geany/geany-1.28=. -fstack-protector-strong -Wformat -Werror=format-security -Wdate-time -D_FORTIFY_SOURCE=2 conftest.c >&5
configure:6509: $? = 0
configure:6512: ar cru libconftest.a @conftest.lst >&5
ar: `u' modifier ignored since `D' is the default (see `U')
configure:6515: $? = 0
configure:6520: ar cru libconftest.a @conftest.lst >&5
ar: `u' modifier ignored since `D' is the default (see `U')
ar: conftest.o: No such file or directory
configure:6523: $? = 1
configure:6535: result: @
configure:6593: checking for strip
configure:6609: found /usr/bin/strip
configure:6620: result: strip
configure:6692: checking for ranlib
configure:6708: found /usr/bin/ranlib
configure:6719: result: ranlib
configure:6821: checking command to parse /usr/bin/nm -B output from gcc object
configure:6974: gcc -c -g -O2 -fdebug-prefix-map=/home/palinuro/Desktop/repo/geany/geany-1.28=. -fstack-protector-strong -Wformat -Werror=format-security -Wdate-time -D_FORTIFY_SOURCE=2 conftest.c >&5
configure:6977: $? = 0
configure:6981: /usr/bin/nm -B conftest.o \| sed -n -e 's/^.*[ ]\([ABCDGIRSTW][ABCDGIRSTW]*\)[ ][ ]*\([_A-Za-z][_A-Za-z0-9]*\)$/\1 \2 \2/p' | sed '/ __gnu_lto/d' \> conftest.nm
configure:6984: $? = 0
configure:7050: gcc -o conftest -g -O2 -fdebug-prefix-map=/home/palinuro/Desktop/repo/geany/geany-1.28=. -fstack-protector-strong -Wformat -Werror=format-security -Wdate-time -D_FORTIFY_SOURCE=2 -Wl,-z,relro conftest.c conftstm.o >&5
configure:7053: $? = 0
configure:7091: result: ok
configure:7138: checking for sysroot
configure:7168: result: no
configure:7175: checking for a working dd
configure:7213: result: /bin/dd
configure:7217: checking how to truncate binary pipes
configure:7232: result: /bin/dd bs=4096 count=1
configure:7368: gcc -c -g -O2 -fdebug-prefix-map=/home/palinuro/Desktop/repo/geany/geany-1.28=. -fstack-protector-strong -Wformat -Werror=format-security -Wdate-time -D_FORTIFY_SOURCE=2 conftest.c >&5
configure:7371: $? = 0
configure:7561: checking for mt
configure:7577: found /bin/mt
configure:7588: result: mt
configure:7611: checking if mt is a manifest tool
configure:7617: mt '-?'
configure:7625: result: no
configure:8299: checking for dlfcn.h
configure:8299: gcc -c -g -O2 -fdebug-prefix-map=/home/palinuro/Desktop/repo/geany/geany-1.28=. -fstack-protector-strong -Wformat -Werror=format-security -Wdate-time -D_FORTIFY_SOURCE=2 conftest.c >&5
configure:8299: $? = 0
configure:8299: result: yes
configure:8554: checking for objdir
configure:8569: result: .libs
configure:8833: checking if gcc supports -fno-rtti -fno-exceptions
configure:8851: gcc -c -g -O2 -fdebug-prefix-map=/home/palinuro/Desktop/repo/geany/geany-1.28=. -fstack-protector-strong -Wformat -Werror=format-security -Wdate-time -D_FORTIFY_SOURCE=2 -fno-rtti -fno-exceptions conftest.c >&5
cc1: warning: command line option '-fno-rtti' is valid for C++/ObjC++ but not for C
configure:8855: $? = 0
configure:8868: result: no
configure:9226: checking for gcc option to produce PIC
configure:9233: result: -fPIC -DPIC
configure:9241: checking if gcc PIC flag -fPIC -DPIC works
configure:9259: gcc -c -g -O2 -fdebug-prefix-map=/home/palinuro/Desktop/repo/geany/geany-1.28=. -fstack-protector-strong -Wformat -Werror=format-security -Wdate-time -D_FORTIFY_SOURCE=2 -fPIC -DPIC -DPIC conftest.c >&5
configure:9263: $? = 0
configure:9276: result: yes
configure:9305: checking if gcc static flag -static works
configure:9333: result: yes
configure:9348: checking if gcc supports -c -o file.o
configure:9369: gcc -c -g -O2 -fdebug-prefix-map=/home/palinuro/Desktop/repo/geany/geany-1.28=. -fstack-protector-strong -Wformat -Werror=format-security -Wdate-time -D_FORTIFY_SOURCE=2 -o out/conftest2.o conftest.c >&5
configure:9373: $? = 0
configure:9395: result: yes
configure:9403: checking if gcc supports -c -o file.o
configure:9450: result: yes
configure:9483: checking whether the gcc linker (/usr/bin/ld -m elf_x86_64) supports shared libraries
configure:10746: result: yes
configure:10783: checking whether -lc should be explicitly linked in
configure:10791: gcc -c -g -O2 -fdebug-prefix-map=/home/palinuro/Desktop/repo/geany/geany-1.28=. -fstack-protector-strong -Wformat -Werror=format-security -Wdate-time -D_FORTIFY_SOURCE=2 conftest.c >&5
configure:10794: $? = 0
configure:10809: gcc -shared  -fPIC -DPIC conftest.o  -v -Wl,-soname -Wl,conftest -o conftest 2\>\&1 \| /bin/grep  -lc  \>/dev/null 2\>\&1
configure:10812: $? = 0
configure:10826: result: no
configure:10986: checking dynamic linker characteristics
configure:11567: gcc -o conftest -g -O2 -fdebug-prefix-map=/home/palinuro/Desktop/repo/geany/geany-1.28=. -fstack-protector-strong -Wformat -Werror=format-security -Wdate-time -D_FORTIFY_SOURCE=2 -Wl,-z,relro -Wl,-rpath -Wl,/foo conftest.c  >&5
configure:11567: $? = 0
configure:11816: result: GNU/Linux ld.so
configure:11938: checking how to hardcode library paths into programs
configure:11963: result: immediate
configure:12511: checking whether stripping libraries is possible
configure:12516: result: yes
configure:12551: checking if libtool supports shared libraries
configure:12553: result: yes
configure:12556: checking whether to build shared libraries
configure:12581: result: yes
configure:12584: checking whether to build static libraries
configure:12588: result: no
configure:12673: checking for gcc
configure:12700: result: gcc
configure:12929: checking for C compiler version
configure:12938: gcc --version >&5
gcc (Debian 6.1.1-11) 6.1.1 20160802
Copyright (C) 2016 Free Software Foundation, Inc.
This is free software; see the source for copying conditions.  There is NO
warranty; not even for MERCHANTABILITY or FITNESS FOR A PARTICULAR PURPOSE.

configure:12949: $? = 0
configure:12938: gcc -v >&5
Using built-in specs.
COLLECT_GCC=gcc
COLLECT_LTO_WRAPPER=/usr/lib/gcc/x86_64-linux-gnu/6/lto-wrapper
Target: x86_64-linux-gnu
Configured with: ../src/configure -v --with-pkgversion='Debian 6.1.1-11' --with-bugurl=file:///usr/share/doc/gcc-6/README.Bugs --enable-languages=c,ada,c++,java,go,d,fortran,objc,obj-c++ --prefix=/usr --program-suffix=-6 --enable-shared --enable-linker-build-id --libexecdir=/usr/lib --without-included-gettext --enable-threads=posix --libdir=/usr/lib --enable-nls --with-sysroot=/ --enable-clocale=gnu --enable-libstdcxx-debug --enable-libstdcxx-time=yes --with-default-libstdcxx-abi=new --enable-gnu-unique-object --disable-vtable-verify --enable-libmpx --enable-plugin --with-system-zlib --disable-browser-plugin --enable-java-awt=gtk --enable-gtk-cairo --with-java-home=/usr/lib/jvm/java-1.5.0-gcj-6-amd64/jre --enable-java-home --with-jvm-root-dir=/usr/lib/jvm/java-1.5.0-gcj-6-amd64 --with-jvm-jar-dir=/usr/lib/jvm-exports/java-1.5.0-gcj-6-amd64 --with-arch-directory=amd64 --with-ecj-jar=/usr/share/java/eclipse-ecj.jar --enable-objc-gc --enable-multiarch --with-arch-32=i686 --with-abi=m64 --with-multilib-list=m32,m64,mx32 --enable-multilib --with-tune=generic --enable-checking=release --build=x86_64-linux-gnu --host=x86_64-linux-gnu --target=x86_64-linux-gnu
Thread model: posix
gcc version 6.1.1 20160802 (Debian 6.1.1-11) 
configure:12949: $? = 0
configure:12938: gcc -V >&5
gcc: error: unrecognized command line option '-V'
gcc: fatal error: no input files
compilation terminated.
configure:12949: $? = 1
configure:12938: gcc -qversion >&5
gcc: error: unrecognized command line option '-qversion'; did you mean '--version'?
gcc: fatal error: no input files
compilation terminated.
configure:12949: $? = 1
configure:12953: checking whether we are using the GNU C compiler
configure:12981: result: yes
configure:12990: checking whether gcc accepts -g
configure:13051: result: yes
configure:13068: checking for gcc option to accept ISO C89
configure:13144: result: none needed
configure:13169: checking whether gcc understands -c and -o together
configure:13206: result: yes
configure:13225: checking dependency style of gcc
configure:13336: result: none
configure:13351: checking for gcc option to accept ISO C99
configure:13500: gcc  -c -g -O2 -fdebug-prefix-map=/home/palinuro/Desktop/repo/geany/geany-1.28=. -fstack-protector-strong -Wformat -Werror=format-security -Wdate-time -D_FORTIFY_SOURCE=2 conftest.c >&5
configure:13500: $? = 0
configure:13513: result: none needed
configure:13588: checking for g++
configure:13604: found /usr/bin/g++
configure:13615: result: g++
configure:13642: checking for C++ compiler version
configure:13651: g++ --version >&5
g++ (Debian 6.1.1-11) 6.1.1 20160802
Copyright (C) 2016 Free Software Foundation, Inc.
This is free software; see the source for copying conditions.  There is NO
warranty; not even for MERCHANTABILITY or FITNESS FOR A PARTICULAR PURPOSE.

configure:13662: $? = 0
configure:13651: g++ -v >&5
Using built-in specs.
COLLECT_GCC=g++
COLLECT_LTO_WRAPPER=/usr/lib/gcc/x86_64-linux-gnu/6/lto-wrapper
Target: x86_64-linux-gnu
Configured with: ../src/configure -v --with-pkgversion='Debian 6.1.1-11' --with-bugurl=file:///usr/share/doc/gcc-6/README.Bugs --enable-languages=c,ada,c++,java,go,d,fortran,objc,obj-c++ --prefix=/usr --program-suffix=-6 --enable-shared --enable-linker-build-id --libexecdir=/usr/lib --without-included-gettext --enable-threads=posix --libdir=/usr/lib --enable-nls --with-sysroot=/ --enable-clocale=gnu --enable-libstdcxx-debug --enable-libstdcxx-time=yes --with-default-libstdcxx-abi=new --enable-gnu-unique-object --disable-vtable-verify --enable-libmpx --enable-plugin --with-system-zlib --disable-browser-plugin --enable-java-awt=gtk --enable-gtk-cairo --with-java-home=/usr/lib/jvm/java-1.5.0-gcj-6-amd64/jre --enable-java-home --with-jvm-root-dir=/usr/lib/jvm/java-1.5.0-gcj-6-amd64 --with-jvm-jar-dir=/usr/lib/jvm-exports/java-1.5.0-gcj-6-amd64 --with-arch-directory=amd64 --with-ecj-jar=/usr/share/java/eclipse-ecj.jar --enable-objc-gc --enable-multiarch --with-arch-32=i686 --with-abi=m64 --with-multilib-list=m32,m64,mx32 --enable-multilib --with-tune=generic --enable-checking=release --build=x86_64-linux-gnu --host=x86_64-linux-gnu --target=x86_64-linux-gnu
Thread model: posix
gcc version 6.1.1 20160802 (Debian 6.1.1-11) 
configure:13662: $? = 0
configure:13651: g++ -V >&5
g++: error: unrecognized command line option '-V'
g++: fatal error: no input files
compilation terminated.
configure:13662: $? = 1
configure:13651: g++ -qversion >&5
g++: error: unrecognized command line option '-qversion'; did you mean '--version'?
g++: fatal error: no input files
compilation terminated.
configure:13662: $? = 1
configure:13666: checking whether we are using the GNU C++ compiler
configure:13685: g++ -c -g -O2 -fdebug-prefix-map=/home/palinuro/Desktop/repo/geany/geany-1.28=. -fstack-protector-strong -Wformat -Werror=format-security -Wdate-time -D_FORTIFY_SOURCE=2 conftest.cpp >&5
configure:13685: $? = 0
configure:13694: result: yes
configure:13703: checking whether g++ accepts -g
configure:13723: g++ -c -g -Wdate-time -D_FORTIFY_SOURCE=2 conftest.cpp >&5
configure:13723: $? = 0
configure:13764: result: yes
configure:13789: checking dependency style of g++
configure:13900: result: none
configure:13933: checking how to run the C++ preprocessor
configure:13960: g++ -E -Wdate-time -D_FORTIFY_SOURCE=2 conftest.cpp
configure:13960: $? = 0
configure:13974: g++ -E -Wdate-time -D_FORTIFY_SOURCE=2 conftest.cpp
conftest.cpp:28:28: fatal error: ac_nonexistent.h: No such file or directory
 #include <ac_nonexistent.h>
                            ^
compilation terminated.
configure:13974: $? = 1
configure: failed program was:
| /* confdefs.h */
| #define PACKAGE_NAME "Geany"
| #define PACKAGE_TARNAME "geany"
| #define PACKAGE_VERSION "1.28"
| #define PACKAGE_STRING "Geany 1.28"
| #define PACKAGE_BUGREPORT "https://sourceforge.net/tracker/?group_id=153444&atid=787791"
| #define PACKAGE_URL ""
| #define PACKAGE "geany"
| #define VERSION "1.28"
| #define STDC_HEADERS 1
| #define HAVE_SYS_TYPES_H 1
| #define HAVE_SYS_STAT_H 1
| #define HAVE_STDLIB_H 1
| #define HAVE_STRING_H 1
| #define HAVE_MEMORY_H 1
| #define HAVE_STRINGS_H 1
| #define HAVE_INTTYPES_H 1
| #define HAVE_STDINT_H 1
| #define HAVE_UNISTD_H 1
| #define __EXTENSIONS__ 1
| #define _ALL_SOURCE 1
| #define _GNU_SOURCE 1
| #define _POSIX_PTHREAD_SEMANTICS 1
| #define _TANDEM_SOURCE 1
| #define HAVE_DLFCN_H 1
| #define LT_OBJDIR ".libs/"
| /* end confdefs.h.  */
| #include <ac_nonexistent.h>
configure:13999: result: g++ -E
configure:14019: g++ -E -Wdate-time -D_FORTIFY_SOURCE=2 conftest.cpp
configure:14019: $? = 0
configure:14033: g++ -E -Wdate-time -D_FORTIFY_SOURCE=2 conftest.cpp
conftest.cpp:28:28: fatal error: ac_nonexistent.h: No such file or directory
 #include <ac_nonexistent.h>
                            ^
compilation terminated.
configure:14033: $? = 1
configure: failed program was:
| /* confdefs.h */
| #define PACKAGE_NAME "Geany"
| #define PACKAGE_TARNAME "geany"
| #define PACKAGE_VERSION "1.28"
| #define PACKAGE_STRING "Geany 1.28"
| #define PACKAGE_BUGREPORT "https://sourceforge.net/tracker/?group_id=153444&atid=787791"
| #define PACKAGE_URL ""
| #define PACKAGE "geany"
| #define VERSION "1.28"
| #define STDC_HEADERS 1
| #define HAVE_SYS_TYPES_H 1
| #define HAVE_SYS_STAT_H 1
| #define HAVE_STDLIB_H 1
| #define HAVE_STRING_H 1
| #define HAVE_MEMORY_H 1
| #define HAVE_STRINGS_H 1
| #define HAVE_INTTYPES_H 1
| #define HAVE_STDINT_H 1
| #define HAVE_UNISTD_H 1
| #define __EXTENSIONS__ 1
| #define _ALL_SOURCE 1
| #define _GNU_SOURCE 1
| #define _POSIX_PTHREAD_SEMANTICS 1
| #define _TANDEM_SOURCE 1
| #define HAVE_DLFCN_H 1
| #define LT_OBJDIR ".libs/"
| /* end confdefs.h.  */
| #include <ac_nonexistent.h>
configure:14195: checking for ld used by g++
configure:14262: result: /usr/bin/ld -m elf_x86_64
configure:14269: checking if the linker (/usr/bin/ld -m elf_x86_64) is GNU ld
configure:14284: result: yes
configure:14339: checking whether the g++ linker (/usr/bin/ld -m elf_x86_64) supports shared libraries
configure:15412: result: yes
configure:15448: g++ -c -g -O2 -fdebug-prefix-map=/home/palinuro/Desktop/repo/geany/geany-1.28=. -fstack-protector-strong -Wformat -Werror=format-security -Wdate-time -D_FORTIFY_SOURCE=2 conftest.cpp >&5
configure:15451: $? = 0
configure:15932: checking for g++ option to produce PIC
configure:15939: result: -fPIC -DPIC
configure:15947: checking if g++ PIC flag -fPIC -DPIC works
configure:15965: g++ -c -g -O2 -fdebug-prefix-map=/home/palinuro/Desktop/repo/geany/geany-1.28=. -fstack-protector-strong -Wformat -Werror=format-security -Wdate-time -D_FORTIFY_SOURCE=2 -fPIC -DPIC -DPIC conftest.cpp >&5
configure:15969: $? = 0
configure:15982: result: yes
configure:16005: checking if g++ static flag -static works
configure:16033: result: yes
configure:16045: checking if g++ supports -c -o file.o
configure:16066: g++ -c -g -O2 -fdebug-prefix-map=/home/palinuro/Desktop/repo/geany/geany-1.28=. -fstack-protector-strong -Wformat -Werror=format-security -Wdate-time -D_FORTIFY_SOURCE=2 -o out/conftest2.o conftest.cpp >&5
configure:16070: $? = 0
configure:16092: result: yes
configure:16097: checking if g++ supports -c -o file.o
configure:16144: result: yes
configure:16174: checking whether the g++ linker (/usr/bin/ld -m elf_x86_64) supports shared libraries
configure:16217: result: yes
configure:16358: checking dynamic linker characteristics
configure:17115: result: GNU/Linux ld.so
configure:17180: checking how to hardcode library paths into programs
configure:17205: result: immediate
configure:17252: checking whether ln -s works
configure:17256: result: yes
configure:17270: checking fcntl.h usability
configure:17270: gcc -c -g -O2 -fdebug-prefix-map=/home/palinuro/Desktop/repo/geany/geany-1.28=. -fstack-protector-strong -Wformat -Werror=format-security -Wdate-time -D_FORTIFY_SOURCE=2 conftest.c >&5
configure:17270: $? = 0
configure:17270: result: yes
configure:17270: checking fcntl.h presence
configure:17270: gcc -E -Wdate-time -D_FORTIFY_SOURCE=2 conftest.c
configure:17270: $? = 0
configure:17270: result: yes
configure:17270: checking for fcntl.h
configure:17270: result: yes
configure:17270: checking fnmatch.h usability
configure:17270: gcc -c -g -O2 -fdebug-prefix-map=/home/palinuro/Desktop/repo/geany/geany-1.28=. -fstack-protector-strong -Wformat -Werror=format-security -Wdate-time -D_FORTIFY_SOURCE=2 conftest.c >&5
configure:17270: $? = 0
configure:17270: result: yes
configure:17270: checking fnmatch.h presence
configure:17270: gcc -E -Wdate-time -D_FORTIFY_SOURCE=2 conftest.c
configure:17270: $? = 0
configure:17270: result: yes
configure:17270: checking for fnmatch.h
configure:17270: result: yes
configure:17270: checking glob.h usability
configure:17270: gcc -c -g -O2 -fdebug-prefix-map=/home/palinuro/Desktop/repo/geany/geany-1.28=. -fstack-protector-strong -Wformat -Werror=format-security -Wdate-time -D_FORTIFY_SOURCE=2 conftest.c >&5
configure:17270: $? = 0
configure:17270: result: yes
configure:17270: checking glob.h presence
configure:17270: gcc -E -Wdate-time -D_FORTIFY_SOURCE=2 conftest.c
configure:17270: $? = 0
configure:17270: result: yes
configure:17270: checking for glob.h
configure:17270: result: yes
configure:17270: checking for stdlib.h
configure:17270: result: yes
configure:17270: checking sys/time.h usability
configure:17270: gcc -c -g -O2 -fdebug-prefix-map=/home/palinuro/Desktop/repo/geany/geany-1.28=. -fstack-protector-strong -Wformat -Werror=format-security -Wdate-time -D_FORTIFY_SOURCE=2 conftest.c >&5
configure:17270: $? = 0
configure:17270: result: yes
configure:17270: checking sys/time.h presence
configure:17270: gcc -E -Wdate-time -D_FORTIFY_SOURCE=2 conftest.c
configure:17270: $? = 0
configure:17270: result: yes
configure:17270: checking for sys/time.h
configure:17270: result: yes
configure:17282: checking for off_t
configure:17282: gcc -c -g -O2 -fdebug-prefix-map=/home/palinuro/Desktop/repo/geany/geany-1.28=. -fstack-protector-strong -Wformat -Werror=format-security -Wdate-time -D_FORTIFY_SOURCE=2 conftest.c >&5
configure:17282: $? = 0
configure:17282: gcc -c -g -O2 -fdebug-prefix-map=/home/palinuro/Desktop/repo/geany/geany-1.28=. -fstack-protector-strong -Wformat -Werror=format-security -Wdate-time -D_FORTIFY_SOURCE=2 conftest.c >&5
conftest.c: In function 'main':
conftest.c:69:20: error: expected expression before ')' token
 if (sizeof ((off_t)))
                    ^
configure:17282: $? = 1
configure: failed program was:
| /* confdefs.h */
| #define PACKAGE_NAME "Geany"
| #define PACKAGE_TARNAME "geany"
| #define PACKAGE_VERSION "1.28"
| #define PACKAGE_STRING "Geany 1.28"
| #define PACKAGE_BUGREPORT "https://sourceforge.net/tracker/?group_id=153444&atid=787791"
| #define PACKAGE_URL ""
| #define PACKAGE "geany"
| #define VERSION "1.28"
| #define STDC_HEADERS 1
| #define HAVE_SYS_TYPES_H 1
| #define HAVE_SYS_STAT_H 1
| #define HAVE_STDLIB_H 1
| #define HAVE_STRING_H 1
| #define HAVE_MEMORY_H 1
| #define HAVE_STRINGS_H 1
| #define HAVE_INTTYPES_H 1
| #define HAVE_STDINT_H 1
| #define HAVE_UNISTD_H 1
| #define __EXTENSIONS__ 1
| #define _ALL_SOURCE 1
| #define _GNU_SOURCE 1
| #define _POSIX_PTHREAD_SEMANTICS 1
| #define _TANDEM_SOURCE 1
| #define HAVE_DLFCN_H 1
| #define LT_OBJDIR ".libs/"
| #define HAVE_FCNTL_H 1
| #define HAVE_FNMATCH_H 1
| #define HAVE_GLOB_H 1
| #define HAVE_STDLIB_H 1
| #define HAVE_SYS_TIME_H 1
| /* end confdefs.h.  */
| #include <stdio.h>
| #ifdef HAVE_SYS_TYPES_H
| # include <sys/types.h>
| #endif
| #ifdef HAVE_SYS_STAT_H
| # include <sys/stat.h>
| #endif
| #ifdef STDC_HEADERS
| # include <stdlib.h>
| # include <stddef.h>
| #else
| # ifdef HAVE_STDLIB_H
| #  include <stdlib.h>
| # endif
| #endif
| #ifdef HAVE_STRING_H
| # if !defined STDC_HEADERS && defined HAVE_MEMORY_H
| #  include <memory.h>
| # endif
| # include <string.h>
| #endif
| #ifdef HAVE_STRINGS_H
| # include <strings.h>
| #endif
| #ifdef HAVE_INTTYPES_H
| # include <inttypes.h>
| #endif
| #ifdef HAVE_STDINT_H
| # include <stdint.h>
| #endif
| #ifdef HAVE_UNISTD_H
| # include <unistd.h>
| #endif
| int
| main ()
| {
| if (sizeof ((off_t)))
| 	    return 0;
|   ;
|   return 0;
| }
configure:17282: result: yes
configure:17293: checking for size_t
configure:17293: gcc -c -g -O2 -fdebug-prefix-map=/home/palinuro/Desktop/repo/geany/geany-1.28=. -fstack-protector-strong -Wformat -Werror=format-security -Wdate-time -D_FORTIFY_SOURCE=2 conftest.c >&5
configure:17293: $? = 0
configure:17293: gcc -c -g -O2 -fdebug-prefix-map=/home/palinuro/Desktop/repo/geany/geany-1.28=. -fstack-protector-strong -Wformat -Werror=format-security -Wdate-time -D_FORTIFY_SOURCE=2 conftest.c >&5
conftest.c: In function 'main':
conftest.c:69:21: error: expected expression before ')' token
 if (sizeof ((size_t)))
                     ^
configure:17293: $? = 1
configure: failed program was:
| /* confdefs.h */
| #define PACKAGE_NAME "Geany"
| #define PACKAGE_TARNAME "geany"
| #define PACKAGE_VERSION "1.28"
| #define PACKAGE_STRING "Geany 1.28"
| #define PACKAGE_BUGREPORT "https://sourceforge.net/tracker/?group_id=153444&atid=787791"
| #define PACKAGE_URL ""
| #define PACKAGE "geany"
| #define VERSION "1.28"
| #define STDC_HEADERS 1
| #define HAVE_SYS_TYPES_H 1
| #define HAVE_SYS_STAT_H 1
| #define HAVE_STDLIB_H 1
| #define HAVE_STRING_H 1
| #define HAVE_MEMORY_H 1
| #define HAVE_STRINGS_H 1
| #define HAVE_INTTYPES_H 1
| #define HAVE_STDINT_H 1
| #define HAVE_UNISTD_H 1
| #define __EXTENSIONS__ 1
| #define _ALL_SOURCE 1
| #define _GNU_SOURCE 1
| #define _POSIX_PTHREAD_SEMANTICS 1
| #define _TANDEM_SOURCE 1
| #define HAVE_DLFCN_H 1
| #define LT_OBJDIR ".libs/"
| #define HAVE_FCNTL_H 1
| #define HAVE_FNMATCH_H 1
| #define HAVE_GLOB_H 1
| #define HAVE_STDLIB_H 1
| #define HAVE_SYS_TIME_H 1
| /* end confdefs.h.  */
| #include <stdio.h>
| #ifdef HAVE_SYS_TYPES_H
| # include <sys/types.h>
| #endif
| #ifdef HAVE_SYS_STAT_H
| # include <sys/stat.h>
| #endif
| #ifdef STDC_HEADERS
| # include <stdlib.h>
| # include <stddef.h>
| #else
| # ifdef HAVE_STDLIB_H
| #  include <stdlib.h>
| # endif
| #endif
| #ifdef HAVE_STRING_H
| # if !defined STDC_HEADERS && defined HAVE_MEMORY_H
| #  include <memory.h>
| # endif
| # include <string.h>
| #endif
| #ifdef HAVE_STRINGS_H
| # include <strings.h>
| #endif
| #ifdef HAVE_INTTYPES_H
| # include <inttypes.h>
| #endif
| #ifdef HAVE_STDINT_H
| # include <stdint.h>
| #endif
| #ifdef HAVE_UNISTD_H
| # include <unistd.h>
| #endif
| int
| main ()
| {
| if (sizeof ((size_t)))
| 	    return 0;
|   ;
|   return 0;
| }
configure:17293: result: yes
configure:17304: checking whether struct tm is in sys/time.h or time.h
configure:17324: gcc -c -g -O2 -fdebug-prefix-map=/home/palinuro/Desktop/repo/geany/geany-1.28=. -fstack-protector-strong -Wformat -Werror=format-security -Wdate-time -D_FORTIFY_SOURCE=2 conftest.c >&5
configure:17324: $? = 0
configure:17331: result: time.h
configure:17344: checking for ftruncate
configure:17344: gcc -o conftest -g -O2 -fdebug-prefix-map=/home/palinuro/Desktop/repo/geany/geany-1.28=. -fstack-protector-strong -Wformat -Werror=format-security -Wdate-time -D_FORTIFY_SOURCE=2 -Wl,-z,relro conftest.c  >&5
configure:17344: $? = 0
configure:17344: result: yes
configure:17344: checking for fgetpos
configure:17344: gcc -o conftest -g -O2 -fdebug-prefix-map=/home/palinuro/Desktop/repo/geany/geany-1.28=. -fstack-protector-strong -Wformat -Werror=format-security -Wdate-time -D_FORTIFY_SOURCE=2 -Wl,-z,relro conftest.c  >&5
configure:17344: $? = 0
configure:17344: result: yes
configure:17344: checking for fnmatch
configure:17344: gcc -o conftest -g -O2 -fdebug-prefix-map=/home/palinuro/Desktop/repo/geany/geany-1.28=. -fstack-protector-strong -Wformat -Werror=format-security -Wdate-time -D_FORTIFY_SOURCE=2 -Wl,-z,relro conftest.c  >&5
configure:17344: $? = 0
configure:17344: result: yes
configure:17344: checking for mkstemp
configure:17344: gcc -o conftest -g -O2 -fdebug-prefix-map=/home/palinuro/Desktop/repo/geany/geany-1.28=. -fstack-protector-strong -Wformat -Werror=format-security -Wdate-time -D_FORTIFY_SOURCE=2 -Wl,-z,relro conftest.c  >&5
configure:17344: $? = 0
configure:17344: result: yes
configure:17344: checking for strerror
configure:17344: gcc -o conftest -g -O2 -fdebug-prefix-map=/home/palinuro/Desktop/repo/geany/geany-1.28=. -fstack-protector-strong -Wformat -Werror=format-security -Wdate-time -D_FORTIFY_SOURCE=2 -Wl,-z,relro conftest.c  >&5
configure:17344: $? = 0
configure:17344: result: yes
configure:17344: checking for strstr
configure:17344: gcc -o conftest -g -O2 -fdebug-prefix-map=/home/palinuro/Desktop/repo/geany/geany-1.28=. -fstack-protector-strong -Wformat -Werror=format-security -Wdate-time -D_FORTIFY_SOURCE=2 -Wl,-z,relro conftest.c  >&5
conftest.c:61:6: warning: conflicting types for built-in function 'strstr'
 char strstr ();
      ^~~~~~
configure:17344: $? = 0
configure:17344: result: yes
configure:17361: checking for Git revision
configure:17381: result: none
configure:17477: checking for pkg-config
configure:17495: found /usr/bin/pkg-config
configure:17507: result: /usr/bin/pkg-config
configure:17532: checking pkg-config is at least version 0.9.0
configure:17535: result: yes
configure:17545: checking for GTK
configure:17552: $PKG_CONFIG --exists --print-errors "$gtk_modules $gtk_modules_private"
configure:17555: $? = 0
configure:17569: $PKG_CONFIG --exists --print-errors "$gtk_modules $gtk_modules_private"
configure:17572: $? = 0
configure:17630: result: yes
configure:17652: checking for GTHREAD
configure:17659: $PKG_CONFIG --exists --print-errors "$gthread_modules"
configure:17662: $? = 0
configure:17676: $PKG_CONFIG --exists --print-errors "$gthread_modules"
configure:17679: $? = 0
configure:17737: result: yes
configure:17762: checking whether binary relocation support should be enabled
configure:17812: result: no
configure:18097: checking for library containing connect
configure:18128: gcc -o conftest -g -O2 -fdebug-prefix-map=/home/palinuro/Desktop/repo/geany/geany-1.28=. -fstack-protector-strong -Wformat -Werror=format-security -Wdate-time -D_FORTIFY_SOURCE=2 -Wl,-z,relro conftest.c  >&5
configure:18128: $? = 0
configure:18145: result: none required
configure:18401: checking whether the force is with you
configure:18404: result: yes
configure:18413: checking whether NLS is requested
configure:18422: result: yes
configure:18450: checking for intltool-update
configure:18468: found /usr/bin/intltool-update
configure:18480: result: /usr/bin/intltool-update
configure:18490: checking for intltool-merge
configure:18508: found /usr/bin/intltool-merge
configure:18520: result: /usr/bin/intltool-merge
configure:18530: checking for intltool-extract
configure:18548: found /usr/bin/intltool-extract
configure:18560: result: /usr/bin/intltool-extract
configure:18714: checking for xgettext
configure:18732: found /usr/bin/xgettext
configure:18744: result: /usr/bin/xgettext
configure:18754: checking for msgmerge
configure:18772: found /usr/bin/msgmerge
configure:18784: result: /usr/bin/msgmerge
configure:18794: checking for msgfmt
configure:18812: found /usr/bin/msgfmt
configure:18824: result: /usr/bin/msgfmt
configure:18834: checking for gmsgfmt
configure:18865: result: /usr/bin/msgfmt
configure:18885: checking for perl
configure:18903: found /usr/bin/perl
configure:18915: result: /usr/bin/perl
configure:18926: checking for perl >= 5.8.1
configure:18933: result: 5.22.2
configure:18937: checking for XML::Parser
configure:18940: result: ok
configure:18965: gcc -o conftest -g -O2 -fdebug-prefix-map=/home/palinuro/Desktop/repo/geany/geany-1.28=. -fstack-protector-strong -Wformat -Werror=format-security -Wdate-time -D_FORTIFY_SOURCE=2 -Wl,-z,relro conftest.c  >&5
configure:18965: $? = 0
configure:19008: checking locale.h usability
configure:19008: gcc -c -g -O2 -fdebug-prefix-map=/home/palinuro/Desktop/repo/geany/geany-1.28=. -fstack-protector-strong -Wformat -Werror=format-security -Wdate-time -D_FORTIFY_SOURCE=2 conftest.c >&5
configure:19008: $? = 0
configure:19008: result: yes
configure:19008: checking locale.h presence
configure:19008: gcc -E -Wdate-time -D_FORTIFY_SOURCE=2 conftest.c
configure:19008: $? = 0
configure:19008: result: yes
configure:19008: checking for locale.h
configure:19008: result: yes
configure:19019: checking for LC_MESSAGES
configure:19035: gcc -o conftest -g -O2 -fdebug-prefix-map=/home/palinuro/Desktop/repo/geany/geany-1.28=. -fstack-protector-strong -Wformat -Werror=format-security -Wdate-time -D_FORTIFY_SOURCE=2 -Wl,-z,relro conftest.c  >&5
configure:19035: $? = 0
configure:19043: result: yes
configure:19060: checking libintl.h usability
configure:19060: gcc -c -g -O2 -fdebug-prefix-map=/home/palinuro/Desktop/repo/geany/geany-1.28=. -fstack-protector-strong -Wformat -Werror=format-security -Wdate-time -D_FORTIFY_SOURCE=2 conftest.c >&5
configure:19060: $? = 0
configure:19060: result: yes
configure:19060: checking libintl.h presence
configure:19060: gcc -E -Wdate-time -D_FORTIFY_SOURCE=2 conftest.c
configure:19060: $? = 0
configure:19060: result: yes
configure:19060: checking for libintl.h
configure:19060: result: yes
configure:19068: checking for ngettext in libc
configure:19086: gcc -o conftest -g -O2 -fdebug-prefix-map=/home/palinuro/Desktop/repo/geany/geany-1.28=. -fstack-protector-strong -Wformat -Werror=format-security -Wdate-time -D_FORTIFY_SOURCE=2 -Wl,-z,relro conftest.c  >&5
configure:19086: $? = 0
configure:19095: result: yes
configure:19099: checking for dgettext in libc
configure:19117: gcc -o conftest -g -O2 -fdebug-prefix-map=/home/palinuro/Desktop/repo/geany/geany-1.28=. -fstack-protector-strong -Wformat -Werror=format-security -Wdate-time -D_FORTIFY_SOURCE=2 -Wl,-z,relro conftest.c  >&5
configure:19117: $? = 0
configure:19126: result: yes
configure:19133: checking for bind_textdomain_codeset
configure:19133: gcc -o conftest -g -O2 -fdebug-prefix-map=/home/palinuro/Desktop/repo/geany/geany-1.28=. -fstack-protector-strong -Wformat -Werror=format-security -Wdate-time -D_FORTIFY_SOURCE=2 -Wl,-z,relro conftest.c  >&5
configure:19133: $? = 0
configure:19133: result: yes
configure:19409: checking for msgfmt
configure:19436: result: /usr/bin/msgfmt
configure:19447: checking for dcgettext
configure:19447: gcc -o conftest -g -O2 -fdebug-prefix-map=/home/palinuro/Desktop/repo/geany/geany-1.28=. -fstack-protector-strong -Wformat -Werror=format-security -Wdate-time -D_FORTIFY_SOURCE=2 -Wl,-z,relro conftest.c   >&5
conftest.c:72:6: warning: conflicting types for built-in function 'dcgettext'
 char dcgettext ();
      ^~~~~~~~~
configure:19447: $? = 0
configure:19447: result: yes
configure:19457: checking if msgfmt accepts -c
configure:19472: $MSGFMT -c -o /dev/null conftest.foo
conftest.foo:3: warning: header field 'Language' missing in header
configure:19475: $? = 0
configure:19477: result: yes
configure:19487: checking for gmsgfmt
configure:19518: result: /usr/bin/msgfmt
configure:19528: checking for xgettext
configure:19555: result: /usr/bin/xgettext
configure:19574: gcc -o conftest -g -O2 -fdebug-prefix-map=/home/palinuro/Desktop/repo/geany/geany-1.28=. -fstack-protector-strong -Wformat -Werror=format-security -Wdate-time -D_FORTIFY_SOURCE=2 -Wl,-z,relro conftest.c   >&5
configure:19574: $? = 0
configure:19656: checking for catalogs to be installed
configure:19681: result:  ar ast be bg ca cs de el en_GB es et eu fa fi fr gl he hi hu id it ja kk ko lb lt mn nl nn pl pt pt_BR ro ru sk sl sr sv tr uk vi zh_CN zh_TW
configure:19765: checking for rst2html
configure:19783: found /usr/bin/rst2html
configure:19795: result: /usr/bin/rst2html
configure:19855: checking for rst2pdf
configure:19888: result: no
configure:19855: checking for rst2pdf.py
configure:19888: result: no
configure:19935: checking for doxygen
configure:19966: result: no
configure:20049: checking for a Python interpreter with version >= 2.7
configure:20066: python -c import sys # split strings by '.' and convert to numeric. Append some zeros # because we need at least 4 digits for the hex conversion. # map returns an iterator in Python 3.0 and a list in 2.x minver = list(map(int, '2.7'.split('.'))) + [0, 0, 0] minverhex = 0 # xrange is not present in Python 3.0 and range returns an iterator for i in list(range(0, 4)): minverhex = (minverhex << 8) + minver[i] sys.exit(sys.hexversion < minverhex)
configure:20069: $? = 0
configure:20075: result: python
configure:20083: checking for python
configure:20101: found /usr/bin/python
configure:20113: result: /usr/bin/python
configure:20131: checking for python version
configure:20138: result: 2.7
configure:20150: checking for python platform
configure:20157: result: linux2
configure:20183: checking for python script directory
configure:20218: result: ${prefix}/lib/python2.7/dist-packages
configure:20227: checking for python extension module directory
configure:20262: result: ${exec_prefix}/lib/python2.7/dist-packages
configure:20277: checking for python lxml package
configure:20284: result: yes
configure:20316: checking whether compiler supports GCC4-style visibility
configure:20325: gcc -o conftest -fvisibility=hidden -Wdate-time -D_FORTIFY_SOURCE=2 -Wl,-z,relro conftest.c  >&5
configure:20325: $? = 0
configure:20330: result: yes
configure:20372: checking for sort
configure:20390: found /usr/bin/sort
configure:20404: result: /usr/bin/sort
configure:20414: checking for uniq
configure:20432: found /usr/bin/uniq
configure:20446: result: /usr/bin/uniq
configure:20568: checking that generated files are newer than configure
configure:20574: result: done
configure:20657: creating ./config.status

## ---------------------- ##
## Running config.status. ##
## ---------------------- ##

This file was extended by Geany config.status 1.28, which was
generated by GNU Autoconf 2.69.  Invocation command line was

  CONFIG_FILES    = 
  CONFIG_HEADERS  = 
  CONFIG_LINKS    = 
  CONFIG_COMMANDS = 
  $ ./config.status 

on parrot

config.status:1334: creating Makefile
config.status:1334: creating icons/Makefile
config.status:1334: creating icons/16x16/Makefile
config.status:1334: creating icons/24x24/Makefile
config.status:1334: creating icons/32x32/Makefile
config.status:1334: creating icons/48x48/Makefile
config.status:1334: creating icons/scalable/Makefile
config.status:1334: creating icons/tango/Makefile
config.status:1334: creating icons/tango/16x16/Makefile
config.status:1334: creating icons/tango/24x24/Makefile
config.status:1334: creating icons/tango/32x32/Makefile
config.status:1334: creating icons/tango/48x48/Makefile
config.status:1334: creating icons/tango/scalable/Makefile
config.status:1334: creating tagmanager/Makefile
config.status:1334: creating tagmanager/ctags/Makefile
config.status:1334: creating tagmanager/mio/Makefile
config.status:1334: creating tagmanager/src/Makefile
config.status:1334: creating scintilla/Makefile
config.status:1334: creating scintilla/include/Makefile
config.status:1334: creating src/Makefile
config.status:1334: creating plugins/Makefile
config.status:1334: creating po/Makefile.in
config.status:1334: creating data/Makefile
config.status:1334: creating doc/Makefile
config.status:1334: creating doc/geany.1
config.status:1334: creating geany.spec
config.status:1334: creating geany.pc
config.status:1334: creating geany.nsi
config.status:1334: creating doc/Doxyfile
config.status:1334: creating tests/Makefile
config.status:1334: creating tests/ctags/Makefile
config.status:1334: creating config.h
config.status:1563: executing depfiles commands
config.status:1563: executing libtool commands
config.status:1563: executing default-1 commands
config.status:1563: executing po/stamp-it commands
configure:23116: WARNING: unrecognized options: --disable-maintainer-mode

## ---------------- ##
## Cache variables. ##
## ---------------- ##

ac_cv_build=x86_64-pc-linux-gnu
ac_cv_c_compiler_gnu=yes
ac_cv_cxx_compiler_gnu=yes
ac_cv_env_CCC_set=
ac_cv_env_CCC_value=
ac_cv_env_CC_set=
ac_cv_env_CC_value=
ac_cv_env_CFLAGS_set=set
ac_cv_env_CFLAGS_value='-g -O2 -fdebug-prefix-map=/home/palinuro/Desktop/repo/geany/geany-1.28=. -fstack-protector-strong -Wformat -Werror=format-security'
ac_cv_env_CPPFLAGS_set=set
ac_cv_env_CPPFLAGS_value='-Wdate-time -D_FORTIFY_SOURCE=2'
ac_cv_env_CPP_set=
ac_cv_env_CPP_value=
ac_cv_env_CXXCPP_set=
ac_cv_env_CXXCPP_value=
ac_cv_env_CXXFLAGS_set=set
ac_cv_env_CXXFLAGS_value='-g -O2 -fdebug-prefix-map=/home/palinuro/Desktop/repo/geany/geany-1.28=. -fstack-protector-strong -Wformat -Werror=format-security'
ac_cv_env_CXX_set=
ac_cv_env_CXX_value=
ac_cv_env_DOXYGEN_set=
ac_cv_env_DOXYGEN_value=
ac_cv_env_GTHREAD_CFLAGS_set=
ac_cv_env_GTHREAD_CFLAGS_value=
ac_cv_env_GTHREAD_LIBS_set=
ac_cv_env_GTHREAD_LIBS_value=
ac_cv_env_GTK_CFLAGS_set=
ac_cv_env_GTK_CFLAGS_value=
ac_cv_env_GTK_LIBS_set=
ac_cv_env_GTK_LIBS_value=
ac_cv_env_LDFLAGS_set=set
ac_cv_env_LDFLAGS_value=-Wl,-z,relro
ac_cv_env_LIBS_set=
ac_cv_env_LIBS_value=
ac_cv_env_LT_SYS_LIBRARY_PATH_set=
ac_cv_env_LT_SYS_LIBRARY_PATH_value=
ac_cv_env_MAC_INTEGRATION_CFLAGS_set=
ac_cv_env_MAC_INTEGRATION_CFLAGS_value=
ac_cv_env_MAC_INTEGRATION_LIBS_set=
ac_cv_env_MAC_INTEGRATION_LIBS_value=
ac_cv_env_PKG_CONFIG_LIBDIR_set=
ac_cv_env_PKG_CONFIG_LIBDIR_value=
ac_cv_env_PKG_CONFIG_PATH_set=
ac_cv_env_PKG_CONFIG_PATH_value=
ac_cv_env_PKG_CONFIG_set=
ac_cv_env_PKG_CONFIG_value=
ac_cv_env_PYTHON_set=
ac_cv_env_PYTHON_value=
ac_cv_env_RST2HTML_set=
ac_cv_env_RST2HTML_value=
ac_cv_env_RST2PDF_set=
ac_cv_env_RST2PDF_value=
ac_cv_env_build_alias_set=set
ac_cv_env_build_alias_value=x86_64-linux-gnu
ac_cv_env_host_alias_set=
ac_cv_env_host_alias_value=
ac_cv_env_target_alias_set=
ac_cv_env_target_alias_value=
ac_cv_func_bind_textdomain_codeset=yes
ac_cv_func_dcgettext=yes
ac_cv_func_fgetpos=yes
ac_cv_func_fnmatch=yes
ac_cv_func_ftruncate=yes
ac_cv_func_mkstemp=yes
ac_cv_func_strerror=yes
ac_cv_func_strstr=yes
ac_cv_header_dlfcn_h=yes
ac_cv_header_fcntl_h=yes
ac_cv_header_fnmatch_h=yes
ac_cv_header_glob_h=yes
ac_cv_header_inttypes_h=yes
ac_cv_header_libintl_h=yes
ac_cv_header_locale_h=yes
ac_cv_header_memory_h=yes
ac_cv_header_minix_config_h=no
ac_cv_header_stdc=yes
ac_cv_header_stdint_h=yes
ac_cv_header_stdlib_h=yes
ac_cv_header_string_h=yes
ac_cv_header_strings_h=yes
ac_cv_header_sys_stat_h=yes
ac_cv_header_sys_time_h=yes
ac_cv_header_sys_types_h=yes
ac_cv_header_unistd_h=yes
ac_cv_host=x86_64-pc-linux-gnu
ac_cv_objext=o
ac_cv_path_DOXYGEN=no
ac_cv_path_EGREP='/bin/grep -E'
ac_cv_path_FGREP='/bin/grep -F'
ac_cv_path_GMSGFMT=/usr/bin/msgfmt
ac_cv_path_GREP=/bin/grep
ac_cv_path_INTLTOOL_EXTRACT=/usr/bin/intltool-extract
ac_cv_path_INTLTOOL_MERGE=/usr/bin/intltool-merge
ac_cv_path_INTLTOOL_PERL=/usr/bin/perl
ac_cv_path_INTLTOOL_UPDATE=/usr/bin/intltool-update
ac_cv_path_MSGFMT=/usr/bin/msgfmt
ac_cv_path_MSGMERGE=/usr/bin/msgmerge
ac_cv_path_PYTHON=/usr/bin/python
ac_cv_path_RST2HTML=/usr/bin/rst2html
ac_cv_path_SED=/bin/sed
ac_cv_path_SORT=/usr/bin/sort
ac_cv_path_UNIQ=/usr/bin/uniq
ac_cv_path_XGETTEXT=/usr/bin/xgettext
ac_cv_path_ac_pt_PKG_CONFIG=/usr/bin/pkg-config
ac_cv_path_install='/usr/bin/install -c'
ac_cv_path_lt_DD=/bin/dd
ac_cv_path_mkdir=/bin/mkdir
ac_cv_prog_AWK=mawk
ac_cv_prog_CPP='gcc -E'
ac_cv_prog_CXXCPP='g++ -E'
ac_cv_prog_ac_ct_AR=ar
ac_cv_prog_ac_ct_CC=gcc
ac_cv_prog_ac_ct_CXX=g++
ac_cv_prog_ac_ct_MANIFEST_TOOL=mt
ac_cv_prog_ac_ct_OBJDUMP=objdump
ac_cv_prog_ac_ct_RANLIB=ranlib
ac_cv_prog_ac_ct_STRIP=strip
ac_cv_prog_cc_c89=
ac_cv_prog_cc_c99=
ac_cv_prog_cc_g=yes
ac_cv_prog_cxx_g=yes
ac_cv_prog_make_make_set=yes
ac_cv_safe_to_define___extensions__=yes
ac_cv_search_connect='none required'
ac_cv_struct_tm=time.h
ac_cv_type_off_t=yes
ac_cv_type_size_t=yes
am_cv_CC_dependencies_compiler_type=none
am_cv_CXX_dependencies_compiler_type=none
am_cv_ar_interface=ar
am_cv_make_support_nested_variables=yes
am_cv_pathless_PYTHON=python
am_cv_prog_cc_c_o=yes
am_cv_python_platform=linux2
am_cv_python_pyexecdir='${exec_prefix}/lib/python2.7/dist-packages'
am_cv_python_pythondir='${prefix}/lib/python2.7/dist-packages'
am_cv_python_version=2.7
am_cv_val_LC_MESSAGES=yes
gt_cv_func_dgettext_libc=yes
gt_cv_func_dgettext_libintl=no
gt_cv_func_ngettext_libc=yes
gt_cv_have_gettext=yes
lt_cv_ar_at_file=@
lt_cv_archive_cmds_need_lc=no
lt_cv_deplibs_check_method=pass_all
lt_cv_file_magic_cmd='$MAGIC_CMD'
lt_cv_file_magic_test_file=
lt_cv_ld_reload_flag=-r
lt_cv_nm_interface='BSD nm'
lt_cv_objdir=.libs
lt_cv_path_LD=/usr/bin/ld
lt_cv_path_LDCXX='/usr/bin/ld -m elf_x86_64'
lt_cv_path_NM='/usr/bin/nm -B'
lt_cv_path_mainfest_tool=no
lt_cv_prog_compiler_c_o=yes
lt_cv_prog_compiler_c_o_CXX=yes
lt_cv_prog_compiler_pic='-fPIC -DPIC'
lt_cv_prog_compiler_pic_CXX='-fPIC -DPIC'
lt_cv_prog_compiler_pic_works=yes
lt_cv_prog_compiler_pic_works_CXX=yes
lt_cv_prog_compiler_rtti_exceptions=no
lt_cv_prog_compiler_static_works=yes
lt_cv_prog_compiler_static_works_CXX=yes
lt_cv_prog_gnu_ld=yes
lt_cv_prog_gnu_ldcxx=yes
lt_cv_sharedlib_from_linklib_cmd='printf %s\n'
lt_cv_shlibpath_overrides_runpath=no
lt_cv_sys_global_symbol_pipe='sed -n -e '\''s/^.*[	 ]\([ABCDGIRSTW][ABCDGIRSTW]*\)[	 ][	 ]*\([_A-Za-z][_A-Za-z0-9]*\)$/\1 \2 \2/p'\'' | sed '\''/ __gnu_lto/d'\'''
lt_cv_sys_global_symbol_to_c_name_address='sed -n -e '\''s/^: \(.*\) .*$/  {"\1", (void *) 0},/p'\'' -e '\''s/^[ABCDGIRSTW][ABCDGIRSTW]* .* \(.*\)$/  {"\1", (void *) \&\1},/p'\'''
lt_cv_sys_global_symbol_to_c_name_address_lib_prefix='sed -n -e '\''s/^: \(.*\) .*$/  {"\1", (void *) 0},/p'\'' -e '\''s/^[ABCDGIRSTW][ABCDGIRSTW]* .* \(lib.*\)$/  {"\1", (void *) \&\1},/p'\'' -e '\''s/^[ABCDGIRSTW][ABCDGIRSTW]* .* \(.*\)$/  {"lib\1", (void *) \&\1},/p'\'''
lt_cv_sys_global_symbol_to_cdecl='sed -n -e '\''s/^T .* \(.*\)$/extern int \1();/p'\'' -e '\''s/^[ABCDGIRSTW][ABCDGIRSTW]* .* \(.*\)$/extern char \1;/p'\'''
lt_cv_sys_global_symbol_to_import=
lt_cv_sys_max_cmd_len=1572864
lt_cv_to_host_file_cmd=func_convert_file_noop
lt_cv_to_tool_file_cmd=func_convert_file_noop
lt_cv_truncate_bin='/bin/dd bs=4096 count=1'
pkg_cv_GTHREAD_CFLAGS='-pthread -I/usr/include/glib-2.0 -I/usr/lib/x86_64-linux-gnu/glib-2.0/include'
pkg_cv_GTHREAD_LIBS='-lgthread-2.0 -pthread -lglib-2.0'
pkg_cv_GTK_CFLAGS='-pthread -I/usr/include/gtk-2.0 -I/usr/lib/x86_64-linux-gnu/gtk-2.0/include -I/usr/include/gio-unix-2.0/ -I/usr/include/cairo -I/usr/include/pango-1.0 -I/usr/include/atk-1.0 -I/usr/include/cairo -I/usr/include/pixman-1 -I/usr/include/libpng16 -I/usr/include/gdk-pixbuf-2.0 -I/usr/include/libpng16 -I/usr/include/pango-1.0 -I/usr/include/harfbuzz -I/usr/include/pango-1.0 -I/usr/include/freetype2 -I/usr/include/glib-2.0 -I/usr/lib/x86_64-linux-gnu/glib-2.0/include'
pkg_cv_GTK_LIBS='-lgtk-x11-2.0 -lgdk-x11-2.0 -lpangocairo-1.0 -latk-1.0 -lcairo -lgdk_pixbuf-2.0 -lpangoft2-1.0 -lpango-1.0 -lfontconfig -lfreetype -lgio-2.0 -lgobject-2.0 -lgmodule-2.0 -pthread -lglib-2.0'

## ----------------- ##
## Output variables. ##
## ----------------- ##

ACLOCAL='${SHELL} /home/palinuro/Desktop/repo/geany/geany-1.28/build-aux/missing aclocal-1.15'
ALL_LINGUAS='ar ast be bg ca cs de el en_GB es et eu fa fi fr gl he hi hu id it ja kk ko lb lt mn nl nn pl pt pt_BR ro ru sk sl sr sv tr uk vi zh_CN zh_TW '
AMDEPBACKSLASH=''
AMDEP_FALSE=''
AMDEP_TRUE='#'
AMTAR='$${TAR-tar}'
AM_BACKSLASH='\'
AM_DEFAULT_V='$(AM_DEFAULT_VERBOSITY)'
AM_DEFAULT_VERBOSITY='1'
AM_V='$(V)'
AR='ar'
AUTOCONF='${SHELL} /home/palinuro/Desktop/repo/geany/geany-1.28/build-aux/missing autoconf'
AUTOHEADER='${SHELL} /home/palinuro/Desktop/repo/geany/geany-1.28/build-aux/missing autoheader'
AUTOMAKE='${SHELL} /home/palinuro/Desktop/repo/geany/geany-1.28/build-aux/missing automake-1.15'
AWK='mawk'
CATALOGS=' ar.gmo ast.gmo be.gmo bg.gmo ca.gmo cs.gmo de.gmo el.gmo en_GB.gmo es.gmo et.gmo eu.gmo fa.gmo fi.gmo fr.gmo gl.gmo he.gmo hi.gmo hu.gmo id.gmo it.gmo ja.gmo kk.gmo ko.gmo lb.gmo lt.gmo mn.gmo nl.gmo nn.gmo pl.gmo pt.gmo pt_BR.gmo ro.gmo ru.gmo sk.gmo sl.gmo sr.gmo sv.gmo tr.gmo uk.gmo vi.gmo zh_CN.gmo zh_TW.gmo'
CATOBJEXT='.gmo'
CC='gcc'
CCDEPMODE='depmode=none'
CFLAGS='-g -O2 -fdebug-prefix-map=/home/palinuro/Desktop/repo/geany/geany-1.28=. -fstack-protector-strong -Wformat -Werror=format-security'
CPP='gcc -E'
CPPFLAGS='-Wdate-time -D_FORTIFY_SOURCE=2'
CXX='g++'
CXXCPP='g++ -E'
CXXDEPMODE='depmode=none'
CXXFLAGS='-g -O2 -fdebug-prefix-map=/home/palinuro/Desktop/repo/geany/geany-1.28=. -fstack-protector-strong -Wformat -Werror=format-security'
CYGPATH_W='echo'
DATADIRNAME='share'
DEFS='-DHAVE_CONFIG_H'
DEPDIR='.deps'
DEPENDENCIES='gtk+-2.0 >= 2.24 glib-2.0 >= 2.32'
DLLTOOL='false'
DOXYGEN='no'
DSYMUTIL=''
DUMPBIN=''
ECHO_C=''
ECHO_N='-n'
ECHO_T=''
EGREP='/bin/grep -E'
ENABLE_BINRELOC_FALSE=''
ENABLE_BINRELOC_TRUE='#'
ENABLE_GTKDOC_HEADER_FALSE='#'
ENABLE_GTKDOC_HEADER_TRUE=''
ENABLE_MAC_INTEGRATION_FALSE=''
ENABLE_MAC_INTEGRATION_TRUE='#'
EXEEXT=''
FGREP='/bin/grep -F'
GEANY_DATA_DIR='/usr/share/geany'
GETTEXT_PACKAGE='geany'
GMOFILES=' ar.gmo ast.gmo be.gmo bg.gmo ca.gmo cs.gmo de.gmo el.gmo en_GB.gmo es.gmo et.gmo eu.gmo fa.gmo fi.gmo fr.gmo gl.gmo he.gmo hi.gmo hu.gmo id.gmo it.gmo ja.gmo kk.gmo ko.gmo lb.gmo lt.gmo mn.gmo nl.gmo nn.gmo pl.gmo pt.gmo pt_BR.gmo ro.gmo ru.gmo sk.gmo sl.gmo sr.gmo sv.gmo tr.gmo uk.gmo vi.gmo zh_CN.gmo zh_TW.gmo'
GMSGFMT='/usr/bin/msgfmt'
GREP='/bin/grep'
GTHREAD_CFLAGS='-pthread -I/usr/include/glib-2.0 -I/usr/lib/x86_64-linux-gnu/glib-2.0/include'
GTHREAD_LIBS='-lgthread-2.0 -pthread -lglib-2.0'
GTK3_FALSE=''
GTK3_TRUE='#'
GTK_CFLAGS='-pthread -I/usr/include/gtk-2.0 -I/usr/lib/x86_64-linux-gnu/gtk-2.0/include -I/usr/include/gio-unix-2.0/ -I/usr/include/cairo -I/usr/include/pango-1.0 -I/usr/include/atk-1.0 -I/usr/include/cairo -I/usr/include/pixman-1 -I/usr/include/libpng16 -I/usr/include/gdk-pixbuf-2.0 -I/usr/include/libpng16 -I/usr/include/pango-1.0 -I/usr/include/harfbuzz -I/usr/include/pango-1.0 -I/usr/include/freetype2 -I/usr/include/glib-2.0 -I/usr/lib/x86_64-linux-gnu/glib-2.0/include -DGLIB_VERSION_MIN_REQUIRED=GLIB_VERSION_2_32'
GTK_LIBS='-lgtk-x11-2.0 -lgdk-x11-2.0 -lpangocairo-1.0 -latk-1.0 -lcairo -lgdk_pixbuf-2.0 -lpangoft2-1.0 -lpango-1.0 -lfontconfig -lfreetype -lgio-2.0 -lgobject-2.0 -lgmodule-2.0 -pthread -lglib-2.0'
GTK_VERSION='2.24.30'
INSTALL_DATA='${INSTALL} -m 644'
INSTALL_HTML_DOCS_FALSE='#'
INSTALL_HTML_DOCS_TRUE=''
INSTALL_PROGRAM='${INSTALL}'
INSTALL_SCRIPT='${INSTALL}'
INSTALL_STRIP_PROGRAM='$(install_sh) -c -s'
INSTOBJEXT='.mo'
INTLLIBS=''
INTLTOOL_CAVES_RULE='%.caves:     %.caves.in     $(INTLTOOL_MERGE) $(wildcard $(top_srcdir)/po/*.po) ; $(INTLTOOL_V_MERGE)LC_ALL=C $(INTLTOOL_MERGE) $(INTLTOOL_V_MERGE_OPTIONS) -d -u -c $(top_builddir)/po/.intltool-merge-cache $(top_srcdir)/po $< $@'
INTLTOOL_DESKTOP_RULE='%.desktop:   %.desktop.in   $(INTLTOOL_MERGE) $(wildcard $(top_srcdir)/po/*.po) ; $(INTLTOOL_V_MERGE)LC_ALL=C $(INTLTOOL_MERGE) $(INTLTOOL_V_MERGE_OPTIONS) -d -u -c $(top_builddir)/po/.intltool-merge-cache $(top_srcdir)/po $< $@'
INTLTOOL_DIRECTORY_RULE='%.directory: %.directory.in $(INTLTOOL_MERGE) $(wildcard $(top_srcdir)/po/*.po) ; $(INTLTOOL_V_MERGE)LC_ALL=C $(INTLTOOL_MERGE) $(INTLTOOL_V_MERGE_OPTIONS) -d -u -c $(top_builddir)/po/.intltool-merge-cache $(top_srcdir)/po $< $@'
INTLTOOL_EXTRACT='/usr/bin/intltool-extract'
INTLTOOL_KBD_RULE='%.kbd:       %.kbd.in       $(INTLTOOL_MERGE) $(wildcard $(top_srcdir)/po/*.po) ; $(INTLTOOL_V_MERGE)LC_ALL=C $(INTLTOOL_MERGE) $(INTLTOOL_V_MERGE_OPTIONS) -x -u -m -c $(top_builddir)/po/.intltool-merge-cache $(top_srcdir)/po $< $@'
INTLTOOL_KEYS_RULE='%.keys:      %.keys.in      $(INTLTOOL_MERGE) $(wildcard $(top_srcdir)/po/*.po) ; $(INTLTOOL_V_MERGE)LC_ALL=C $(INTLTOOL_MERGE) $(INTLTOOL_V_MERGE_OPTIONS) -k -u -c $(top_builddir)/po/.intltool-merge-cache $(top_srcdir)/po $< $@'
INTLTOOL_MERGE='/usr/bin/intltool-merge'
INTLTOOL_OAF_RULE='%.oaf:       %.oaf.in       $(INTLTOOL_MERGE) $(wildcard $(top_srcdir)/po/*.po) ; $(INTLTOOL_V_MERGE)LC_ALL=C $(INTLTOOL_MERGE) $(INTLTOOL_V_MERGE_OPTIONS) -o -p $(top_srcdir)/po $< $@'
INTLTOOL_PERL='/usr/bin/perl'
INTLTOOL_POLICY_RULE='%.policy:    %.policy.in    $(INTLTOOL_MERGE) $(wildcard $(top_srcdir)/po/*.po) ; $(INTLTOOL_V_MERGE)LC_ALL=C $(INTLTOOL_MERGE) $(INTLTOOL_V_MERGE_OPTIONS) -x -u -c $(top_builddir)/po/.intltool-merge-cache $(top_srcdir)/po $< $@'
INTLTOOL_PONG_RULE='%.pong:      %.pong.in      $(INTLTOOL_MERGE) $(wildcard $(top_srcdir)/po/*.po) ; $(INTLTOOL_V_MERGE)LC_ALL=C $(INTLTOOL_MERGE) $(INTLTOOL_V_MERGE_OPTIONS) -x -u -c $(top_builddir)/po/.intltool-merge-cache $(top_srcdir)/po $< $@'
INTLTOOL_PROP_RULE='%.prop:      %.prop.in      $(INTLTOOL_MERGE) $(wildcard $(top_srcdir)/po/*.po) ; $(INTLTOOL_V_MERGE)LC_ALL=C $(INTLTOOL_MERGE) $(INTLTOOL_V_MERGE_OPTIONS) -d -u -c $(top_builddir)/po/.intltool-merge-cache $(top_srcdir)/po $< $@'
INTLTOOL_SCHEMAS_RULE='%.schemas:   %.schemas.in   $(INTLTOOL_MERGE) $(wildcard $(top_srcdir)/po/*.po) ; $(INTLTOOL_V_MERGE)LC_ALL=C $(INTLTOOL_MERGE) $(INTLTOOL_V_MERGE_OPTIONS) -s -u -c $(top_builddir)/po/.intltool-merge-cache $(top_srcdir)/po $< $@'
INTLTOOL_SERVER_RULE='%.server:    %.server.in    $(INTLTOOL_MERGE) $(wildcard $(top_srcdir)/po/*.po) ; $(INTLTOOL_V_MERGE)LC_ALL=C $(INTLTOOL_MERGE) $(INTLTOOL_V_MERGE_OPTIONS) -o -u -c $(top_builddir)/po/.intltool-merge-cache $(top_srcdir)/po $< $@'
INTLTOOL_SERVICE_RULE='%.service: %.service.in   $(INTLTOOL_MERGE) $(wildcard $(top_srcdir)/po/*.po) ; $(INTLTOOL_V_MERGE)LC_ALL=C $(INTLTOOL_MERGE) $(INTLTOOL_V_MERGE_OPTIONS) -d -u -c $(top_builddir)/po/.intltool-merge-cache $(top_srcdir)/po $< $@'
INTLTOOL_SHEET_RULE='%.sheet:     %.sheet.in     $(INTLTOOL_MERGE) $(wildcard $(top_srcdir)/po/*.po) ; $(INTLTOOL_V_MERGE)LC_ALL=C $(INTLTOOL_MERGE) $(INTLTOOL_V_MERGE_OPTIONS) -x -u -c $(top_builddir)/po/.intltool-merge-cache $(top_srcdir)/po $< $@'
INTLTOOL_SOUNDLIST_RULE='%.soundlist: %.soundlist.in $(INTLTOOL_MERGE) $(wildcard $(top_srcdir)/po/*.po) ; $(INTLTOOL_V_MERGE)LC_ALL=C $(INTLTOOL_MERGE) $(INTLTOOL_V_MERGE_OPTIONS) -d -u -c $(top_builddir)/po/.intltool-merge-cache $(top_srcdir)/po $< $@'
INTLTOOL_THEME_RULE='%.theme:     %.theme.in     $(INTLTOOL_MERGE) $(wildcard $(top_srcdir)/po/*.po) ; $(INTLTOOL_V_MERGE)LC_ALL=C $(INTLTOOL_MERGE) $(INTLTOOL_V_MERGE_OPTIONS) -d -u -c $(top_builddir)/po/.intltool-merge-cache $(top_srcdir)/po $< $@'
INTLTOOL_UI_RULE='%.ui:        %.ui.in        $(INTLTOOL_MERGE) $(wildcard $(top_srcdir)/po/*.po) ; $(INTLTOOL_V_MERGE)LC_ALL=C $(INTLTOOL_MERGE) $(INTLTOOL_V_MERGE_OPTIONS) -x -u -c $(top_builddir)/po/.intltool-merge-cache $(top_srcdir)/po $< $@'
INTLTOOL_UPDATE='/usr/bin/intltool-update'
INTLTOOL_V_MERGE='$(INTLTOOL__v_MERGE_$(V))'
INTLTOOL_V_MERGE_OPTIONS='$(intltool__v_merge_options_$(V))'
INTLTOOL_XAM_RULE='%.xam:       %.xml.in       $(INTLTOOL_MERGE) $(wildcard $(top_srcdir)/po/*.po) ; $(INTLTOOL_V_MERGE)LC_ALL=C $(INTLTOOL_MERGE) $(INTLTOOL_V_MERGE_OPTIONS) -x -u -c $(top_builddir)/po/.intltool-merge-cache $(top_srcdir)/po $< $@'
INTLTOOL_XML_NOMERGE_RULE='%.xml:       %.xml.in       $(INTLTOOL_MERGE) ; $(INTLTOOL_V_MERGE)LC_ALL=C $(INTLTOOL_MERGE) $(INTLTOOL_V_MERGE_OPTIONS) -x -u --no-translations $< $@'
INTLTOOL_XML_RULE='%.xml:       %.xml.in       $(INTLTOOL_MERGE) $(wildcard $(top_srcdir)/po/*.po) ; $(INTLTOOL_V_MERGE)LC_ALL=C $(INTLTOOL_MERGE) $(INTLTOOL_V_MERGE_OPTIONS) -x -u -c $(top_builddir)/po/.intltool-merge-cache $(top_srcdir)/po $< $@'
INTLTOOL__v_MERGE_0='@echo "  ITMRG " $@;'
INTLTOOL__v_MERGE_='$(INTLTOOL__v_MERGE_$(AM_DEFAULT_VERBOSITY))'
LD='/usr/bin/ld -m elf_x86_64'
LDFLAGS='-Wl,-z,relro'
LIBGEANY_CFLAGS='-fvisibility=hidden -DGEANY_EXPORT_SYMBOL="__attribute__((visibility(\"default\")))" -DGEANY_API_SYMBOL=GEANY_EXPORT_SYMBOL'
LIBGEANY_EXPORT_CFLAGS='-fvisibility=hidden -DGEANY_EXPORT_SYMBOL="__attribute__((visibility(\"default\")))" -DGEANY_API_SYMBOL=GEANY_EXPORT_SYMBOL'
LIBGEANY_LDFLAGS='-version-info 0:0:0'
LIBOBJS=''
LIBS=''
LIBTOOL='$(SHELL) $(top_builddir)/libtool --silent'
LIPO=''
LN_S='ln -s'
LTLIBOBJS=''
LT_SYS_LIBRARY_PATH=''
MAC_INTEGRATION_CFLAGS=''
MAC_INTEGRATION_LIBS=''
MAKEINFO='${SHELL} /home/palinuro/Desktop/repo/geany/geany-1.28/build-aux/missing makeinfo'
MANIFEST_TOOL=':'
MINGW_FALSE=''
MINGW_TRUE='#'
MKDIR_P='/bin/mkdir -p'
MKINSTALLDIRS='build-aux/mkinstalldirs'
MSGFMT='/usr/bin/msgfmt'
MSGFMT_OPTS='-c'
MSGMERGE='/usr/bin/msgmerge'
NM='/usr/bin/nm -B'
NMEDIT=''
OBJDUMP='objdump'
OBJEXT='o'
OTOOL64=''
OTOOL=''
PACKAGE='geany'
PACKAGE_BUGREPORT='https://sourceforge.net/tracker/?group_id=153444&atid=787791'
PACKAGE_NAME='Geany'
PACKAGE_STRING='Geany 1.28'
PACKAGE_TARNAME='geany'
PACKAGE_URL=''
PACKAGE_VERSION='1.28'
PATH_SEPARATOR=':'
PKG_CONFIG='/usr/bin/pkg-config'
PKG_CONFIG_LIBDIR=''
PKG_CONFIG_PATH=''
PLUGINS_FALSE='#'
PLUGINS_TRUE=''
POFILES=' ar.po ast.po be.po bg.po ca.po cs.po de.po el.po en_GB.po es.po et.po eu.po fa.po fi.po fr.po gl.po he.po hi.po hu.po id.po it.po ja.po kk.po ko.po lb.po lt.po mn.po nl.po nn.po pl.po pt.po pt_BR.po ro.po ru.po sk.po sl.po sr.po sv.po tr.po uk.po vi.po zh_CN.po zh_TW.po'
POSUB='po'
PO_IN_DATADIR_FALSE=''
PO_IN_DATADIR_TRUE=''
PYTHON='/usr/bin/python'
PYTHON_EXEC_PREFIX='${exec_prefix}'
PYTHON_PLATFORM='linux2'
PYTHON_PREFIX='${prefix}'
PYTHON_VERSION='2.7'
RANLIB='ranlib'
RST2HTML='/usr/bin/rst2html'
RST2PDF='no'
SED='/bin/sed'
SET_MAKE=''
SHELL='/bin/bash'
SORT='/usr/bin/sort'
STRIP='strip'
UNIQ='/usr/bin/uniq'
USE_NLS='yes'
VERSION='1.28'
WITH_DOXYGEN_FALSE=''
WITH_DOXYGEN_TRUE='#'
WITH_RST2HTML_FALSE='#'
WITH_RST2HTML_TRUE=''
WITH_RST2PDF_FALSE=''
WITH_RST2PDF_TRUE='#'
XGETTEXT='/usr/bin/xgettext'
ac_ct_AR='ar'
ac_ct_CC='gcc'
ac_ct_CXX='g++'
ac_ct_DUMPBIN=''
am__EXEEXT_FALSE=''
am__EXEEXT_TRUE='#'
am__fastdepCC_FALSE=''
am__fastdepCC_TRUE='#'
am__fastdepCXX_FALSE=''
am__fastdepCXX_TRUE='#'
am__include='include'
am__isrc=''
am__leading_dot='.'
am__nodep=''
am__quote=''
am__tar='$${TAR-tar} chof - "$$tardir"'
am__untar='$${TAR-tar} xf -'
bindir='${exec_prefix}/bin'
build='x86_64-pc-linux-gnu'
build_alias='x86_64-linux-gnu'
build_cpu='x86_64'
build_os='linux-gnu'
build_vendor='pc'
datadir='${datarootdir}'
datarootdir='${prefix}/share'
docdir='${datarootdir}/doc/${PACKAGE_TARNAME}'
dvidir='${docdir}'
exec_prefix='/usr'
host='x86_64-pc-linux-gnu'
host_alias=''
host_cpu='x86_64'
host_os='linux-gnu'
host_vendor='pc'
htmldir='${docdir}'
includedir='${prefix}/include'
infodir='${prefix}/share/info'
install_sh='${SHELL} /home/palinuro/Desktop/repo/geany/geany-1.28/build-aux/install-sh'
intltool__v_merge_options_0='-q'
intltool__v_merge_options_='$(intltool__v_merge_options_$(AM_DEFAULT_VERBOSITY))'
libdir='${prefix}/lib/x86_64-linux-gnu'
libexecdir='${prefix}/lib/x86_64-linux-gnu'
localedir='${datarootdir}/locale'
localstatedir='/var'
mandir='${prefix}/share/man'
mkdir_p='$(MKDIR_P)'
oldincludedir='/usr/include'
pdfdir='${docdir}'
pkgdatadir='${datarootdir}/geany'
pkgpyexecdir='${pyexecdir}/geany'
pkgpythondir='${pythondir}/geany'
prefix='/usr'
program_transform_name='s,x,x,'
psdir='${docdir}'
pyexecdir='${exec_prefix}/lib/python2.7/dist-packages'
pythondir='${prefix}/lib/python2.7/dist-packages'
runstatedir='${localstatedir}/run'
sbindir='${exec_prefix}/sbin'
sharedstatedir='${prefix}/com'
sysconfdir='/etc'
target_alias=''

## ----------- ##
## confdefs.h. ##
## ----------- ##

/* confdefs.h */
#define PACKAGE_NAME "Geany"
#define PACKAGE_TARNAME "geany"
#define PACKAGE_VERSION "1.28"
#define PACKAGE_STRING "Geany 1.28"
#define PACKAGE_BUGREPORT "https://sourceforge.net/tracker/?group_id=153444&atid=787791"
#define PACKAGE_URL ""
#define PACKAGE "geany"
#define VERSION "1.28"
#define STDC_HEADERS 1
#define HAVE_SYS_TYPES_H 1
#define HAVE_SYS_STAT_H 1
#define HAVE_STDLIB_H 1
#define HAVE_STRING_H 1
#define HAVE_MEMORY_H 1
#define HAVE_STRINGS_H 1
#define HAVE_INTTYPES_H 1
#define HAVE_STDINT_H 1
#define HAVE_UNISTD_H 1
#define __EXTENSIONS__ 1
#define _ALL_SOURCE 1
#define _GNU_SOURCE 1
#define _POSIX_PTHREAD_SEMANTICS 1
#define _TANDEM_SOURCE 1
#define HAVE_DLFCN_H 1
#define LT_OBJDIR ".libs/"
#define HAVE_FCNTL_H 1
#define HAVE_FNMATCH_H 1
#define HAVE_GLOB_H 1
#define HAVE_STDLIB_H 1
#define HAVE_SYS_TIME_H 1
#define HAVE_FTRUNCATE 1
#define HAVE_FGETPOS 1
#define HAVE_FNMATCH 1
#define HAVE_MKSTEMP 1
#define HAVE_STRERROR 1
#define HAVE_STRSTR 1
#define REVISION "-1"
#define HAVE_REGCOMP 1
#define HAVE_PLUGINS 1
#define HAVE_SOCKET 1
#define HAVE_VTE 1
#define GETTEXT_PACKAGE "geany"
#define HAVE_LOCALE_H 1
#define HAVE_LC_MESSAGES 1
#define HAVE_BIND_TEXTDOMAIN_CODESET 1
#define HAVE_GETTEXT 1
#define HAVE_DCGETTEXT 1
#define ENABLE_NLS 1

configure: exit 0

## ---------------------- ##
## Running config.status. ##
## ---------------------- ##

This file was extended by Geany config.status 1.28, which was
generated by GNU Autoconf 2.69.  Invocation command line was

  CONFIG_FILES    = 
  CONFIG_HEADERS  = 
  CONFIG_LINKS    = 
  CONFIG_COMMANDS = 
  $ ./config.status config.h

on parrot

config.status:1334: creating config.h
config.status:1515: config.h is unchanged
